
Expectation values
  Settings       N_ab   <AB>_sim    <AB>_qm StdErr_sim
      0, 0      18299     -1.000     -1.000      0.007
  0, 11.25      16695     -1.000     -0.981      0.008
   0, 22.5      16168     -0.930     -0.924      0.007
  0, 33.75      15274     -0.855     -0.831      0.007
     0, 45      14721     -0.733     -0.707      0.006
  0, 56.25      14372     -0.598     -0.556      0.005
   0, 67.5      14117     -0.382     -0.383      0.003
  0, 78.75      14015     -0.201     -0.195      0.002
     0, 90      13576     -0.013     -0.000      0.000
 0, 101.25      13933      0.199      0.195      0.002
  0, 112.5      14018      0.401      0.383      0.003
 0, 123.75      14176      0.597      0.556      0.005
    0, 135      14831      0.728      0.707      0.006
 0, 146.25      15207      0.845      0.831      0.007
  0, 157.5      15971      0.929      0.924      0.007
 0, 168.75      16683      1.000      0.981      0.008
    0, 180      18182      1.000      1.000      0.007
 0, 191.25      16816      1.000      0.981      0.008
  0, 202.5      16032      0.933      0.924      0.007
 0, 213.75      15167      0.840      0.831      0.007
    0, 225      14754      0.728      0.707      0.006
 0, 236.25      14293      0.594      0.556      0.005
  0, 247.5      14078      0.402      0.383      0.003
 0, 258.75      13970      0.219      0.195      0.002
    0, 270      13944      0.002      0.000      0.000
 0, 281.25      14051     -0.193     -0.195      0.002
  0, 292.5      14122     -0.396     -0.383      0.003
 0, 303.75      14490     -0.591     -0.556      0.005
    0, 315      14959     -0.719     -0.707      0.006
 0, 326.25      15416     -0.847     -0.831      0.007
  0, 337.5      15875     -0.930     -0.924      0.007
 0, 348.75      16511     -1.000     -0.981      0.008
    0, 360      18007     -1.000     -1.000      0.007
  11.25, 0      16785     -1.000     -0.981      0.008
11.25, 11.25      18236     -1.000     -1.000      0.007
11.25, 22.5      16656     -1.000     -0.981      0.008
11.25, 33.75      16153     -0.928     -0.924      0.007
 11.25, 45      15328     -0.850     -0.831      0.007
11.25, 56.25      14730     -0.725     -0.707      0.006
11.25, 67.5      14218     -0.590     -0.556      0.005
11.25, 78.75      13990     -0.384     -0.383      0.003
 11.25, 90      13699     -0.197     -0.195      0.002
11.25, 101.25      14089      0.012     -0.000      0.000
11.25, 112.5      14377      0.222      0.195      0.002
11.25, 123.75      14305      0.402      0.383      0.003
11.25, 135      14429      0.597      0.556      0.005
11.25, 146.25      14762      0.725      0.707      0.006
11.25, 157.5      15176      0.846      0.831      0.007
11.25, 168.75      16198      0.924      0.924      0.007
11.25, 180      16690      1.000      0.981      0.008
11.25, 191.25      17947      1.000      1.000      0.007
11.25, 202.5      16531      1.000      0.981      0.008
11.25, 213.75      15928      0.930      0.924      0.007
11.25, 225      15101      0.851      0.831      0.007
11.25, 236.25      14761      0.730      0.707      0.006
11.25, 247.5      13922      0.587      0.556      0.005
11.25, 258.75      14009      0.390      0.383      0.003
11.25, 270      13641      0.189      0.195      0.002
11.25, 281.25      14035     -0.026      0.000      0.000
11.25, 292.5      14225     -0.206     -0.195      0.002
11.25, 303.75      14321     -0.420     -0.383      0.004
11.25, 315      14510     -0.609     -0.556      0.005
11.25, 326.25      14894     -0.721     -0.707      0.006
11.25, 337.5      15106     -0.858     -0.831      0.007
11.25, 348.75      15846     -0.929     -0.924      0.007
11.25, 360      16564     -1.000     -0.981      0.008
   22.5, 0      15933     -0.928     -0.924      0.007
22.5, 11.25      16417     -1.000     -0.981      0.008
22.5, 22.5      17804     -1.000     -1.000      0.007
22.5, 33.75      16333     -1.000     -0.981      0.008
  22.5, 45      16012     -0.925     -0.924      0.007
22.5, 56.25      15177     -0.854     -0.831      0.007
22.5, 67.5      14613     -0.734     -0.707      0.006
22.5, 78.75      13952     -0.572     -0.556      0.005
  22.5, 90      13812     -0.361     -0.383      0.003
22.5, 101.25      13854     -0.168     -0.195      0.001
22.5, 112.5      14271      0.029     -0.000      0.000
22.5, 123.75      14312      0.232      0.195      0.002
 22.5, 135      14561      0.411      0.383      0.003
22.5, 146.25      14312      0.590      0.556      0.005
22.5, 157.5      14867      0.729      0.707      0.006
22.5, 168.75      15299      0.852      0.831      0.007
 22.5, 180      16200      0.928      0.924      0.007
22.5, 191.25      16820      1.000      0.981      0.008
22.5, 202.5      18025      1.000      1.000      0.007
22.5, 213.75      16883      1.000      0.981      0.008
 22.5, 225      15759      0.929      0.924      0.007
22.5, 236.25      15295      0.848      0.831      0.007
22.5, 247.5      14500      0.709      0.707      0.006
22.5, 258.75      13887      0.577      0.556      0.005
 22.5, 270      13456      0.389      0.383      0.003
22.5, 281.25      13859      0.180      0.195      0.002
22.5, 292.5      14019     -0.039      0.000      0.000
22.5, 303.75      14434     -0.234     -0.195      0.002
 22.5, 315      14583     -0.405     -0.383      0.003
22.5, 326.25      14242     -0.590     -0.556      0.005
22.5, 337.5      14894     -0.724     -0.707      0.006
22.5, 348.75      15205     -0.853     -0.831      0.007
 22.5, 360      15828     -0.925     -0.924      0.007
  33.75, 0      15028     -0.847     -0.831      0.007
33.75, 11.25      16112     -0.930     -0.924      0.007
33.75, 22.5      16805     -1.000     -0.981      0.008
33.75, 33.75      18021     -1.000     -1.000      0.007
 33.75, 45      16736     -1.000     -0.981      0.008
33.75, 56.25      15837     -0.922     -0.924      0.007
33.75, 67.5      14942     -0.850     -0.831      0.007
33.75, 78.75      14442     -0.726     -0.707      0.006
 33.75, 90      13665     -0.569     -0.556      0.005
33.75, 101.25      13950     -0.348     -0.383      0.003
33.75, 112.5      14198     -0.159     -0.195      0.001
33.75, 123.75      14425      0.048     -0.000      0.000
33.75, 135      14287      0.233      0.195      0.002
33.75, 146.25      14248      0.418      0.383      0.003
33.75, 157.5      14414      0.592      0.556      0.005
33.75, 168.75      14543      0.728      0.707      0.006
33.75, 180      15146      0.856      0.831      0.007
33.75, 191.25      15895      0.928      0.924      0.007
33.75, 202.5      16734      1.000      0.981      0.008
33.75, 213.75      18148      1.000      1.000      0.007
33.75, 225      16710      1.000      0.981      0.008
33.75, 236.25      16085      0.929      0.924      0.007
33.75, 247.5      14938      0.844      0.831      0.007
33.75, 258.75      14340      0.728      0.707      0.006
33.75, 270      13497      0.570      0.556      0.005
33.75, 281.25      14022      0.342      0.383      0.003
33.75, 292.5      14155      0.164      0.195      0.001
33.75, 303.75      14349     -0.050      0.000      0.000
33.75, 315      14419     -0.238     -0.195      0.002
33.75, 326.25      14266     -0.410     -0.383      0.003
33.75, 337.5      14554     -0.595     -0.556      0.005
33.75, 348.75      14909     -0.726     -0.707      0.006
33.75, 360      15277     -0.851     -0.831      0.007
     45, 0      14715     -0.720     -0.707      0.006
 45, 11.25      15249     -0.847     -0.831      0.007
  45, 22.5      16189     -0.931     -0.924      0.007
 45, 33.75      16699     -1.000     -0.981      0.008
    45, 45      18082     -1.000     -1.000      0.007
 45, 56.25      16751     -1.000     -0.981      0.008
  45, 67.5      15806     -0.926     -0.924      0.007
 45, 78.75      14871     -0.846     -0.831      0.007
    45, 90      14054     -0.708     -0.707      0.006
45, 101.25      13854     -0.554     -0.556      0.005
 45, 112.5      14329     -0.347     -0.383      0.003
45, 123.75      14499     -0.136     -0.195      0.001
   45, 135      14418      0.049     -0.000      0.000
45, 146.25      14424      0.224      0.195      0.002
 45, 157.5      14463      0.418      0.383      0.003
45, 168.75      14491      0.589      0.556      0.005
   45, 180      14783      0.724      0.707      0.006
45, 191.25      15083      0.847      0.831      0.007
 45, 202.5      15924      0.928      0.924      0.007
45, 213.75      16886      1.000      0.981      0.008
   45, 225      18162      1.000      1.000      0.007
45, 236.25      16561      1.000      0.981      0.008
 45, 247.5      15672      0.927      0.924      0.007
45, 258.75      14996      0.843      0.831      0.007
   45, 270      14168      0.715      0.707      0.006
45, 281.25      13962      0.544      0.556      0.005
 45, 292.5      14211      0.358      0.383      0.003
45, 303.75      14131      0.137      0.195      0.001
   45, 315      14394     -0.061      0.000      0.001
45, 326.25      14393     -0.227     -0.195      0.002
 45, 337.5      14307     -0.417     -0.383      0.003
45, 348.75      14506     -0.591     -0.556      0.005
   45, 360      14757     -0.724     -0.707      0.006
  56.25, 0      14427     -0.598     -0.556      0.005
56.25, 11.25      14660     -0.724     -0.707      0.006
56.25, 22.5      15134     -0.854     -0.831      0.007
56.25, 33.75      16031     -0.930     -0.924      0.007
 56.25, 45      16880     -1.000     -0.981      0.008
56.25, 56.25      17738     -1.000     -1.000      0.008
56.25, 67.5      16509     -1.000     -0.981      0.008
56.25, 78.75      15566     -0.927     -0.924      0.007
 56.25, 90      14520     -0.848     -0.831      0.007
56.25, 101.25      14494     -0.678     -0.707      0.006
56.25, 112.5      14212     -0.515     -0.556      0.004
56.25, 123.75      14209     -0.321     -0.383      0.003
56.25, 135      14294     -0.131     -0.195      0.001
56.25, 146.25      14281      0.049     -0.000      0.000
56.25, 157.5      14396      0.221      0.195      0.002
56.25, 168.75      14429      0.410      0.383      0.003
56.25, 180      14153      0.597      0.556      0.005
56.25, 191.25      14974      0.727      0.707      0.006
56.25, 202.5      15126      0.857      0.831      0.007
56.25, 213.75      16042      0.928      0.924      0.007
56.25, 225      16706      1.000      0.981      0.008
56.25, 236.25      18168      1.000      1.000      0.007
56.25, 247.5      16414      0.999      0.981      0.008
56.25, 258.75      15669      0.928      0.924      0.007
56.25, 270      14484      0.848      0.831      0.007
56.25, 281.25      14485      0.688      0.707      0.006
56.25, 292.5      14016      0.535      0.556      0.005
56.25, 303.75      14184      0.317      0.383      0.003
56.25, 315      14489      0.147      0.195      0.001
56.25, 326.25      14448     -0.053      0.000      0.000
56.25, 337.5      14271     -0.224     -0.195      0.002
56.25, 348.75      14328     -0.406     -0.383      0.003
56.25, 360      14314     -0.587     -0.556      0.005
   67.5, 0      14127     -0.408     -0.383      0.003
67.5, 11.25      14271     -0.584     -0.556      0.005
67.5, 22.5      14509     -0.719     -0.707      0.006
67.5, 33.75      14968     -0.846     -0.831      0.007
  67.5, 45      15599     -0.934     -0.924      0.007
67.5, 56.25      16345     -1.000     -0.981      0.008
67.5, 67.5      18002     -1.000     -1.000      0.007
67.5, 78.75      16193     -1.000     -0.981      0.008
  67.5, 90      15254     -0.925     -0.924      0.007
67.5, 101.25      14946     -0.807     -0.831      0.007
67.5, 112.5      14587     -0.661     -0.707      0.005
67.5, 123.75      14005     -0.510     -0.556      0.004
 67.5, 135      14190     -0.335     -0.383      0.003
67.5, 146.25      13903     -0.168     -0.195      0.001
67.5, 157.5      14133      0.042     -0.000      0.000
67.5, 168.75      14087      0.232      0.195      0.002
 67.5, 180      14020      0.396      0.383      0.003
67.5, 191.25      14215      0.586      0.556      0.005
67.5, 202.5      14396      0.721      0.707      0.006
67.5, 213.75      14977      0.857      0.831      0.007
 67.5, 225      15822      0.924      0.924      0.007
67.5, 236.25      16458      1.000      0.981      0.008
67.5, 247.5      17862      1.000      1.000      0.007
67.5, 258.75      16267      1.000      0.981      0.008
 67.5, 270      15495      0.926      0.924      0.007
67.5, 281.25      14901      0.809      0.831      0.007
67.5, 292.5      14489      0.665      0.707      0.006
67.5, 303.75      14296      0.533      0.556      0.004
 67.5, 315      14170      0.332      0.383      0.003
67.5, 326.25      14127      0.156      0.195      0.001
67.5, 337.5      13988     -0.027      0.000      0.000
67.5, 348.75      14414     -0.210     -0.195      0.002
 67.5, 360      14200     -0.402     -0.383      0.003
  78.75, 0      13900     -0.202     -0.195      0.002
78.75, 11.25      13943     -0.405     -0.383      0.003
78.75, 22.5      14200     -0.577     -0.556      0.005
78.75, 33.75      14502     -0.721     -0.707      0.006
 78.75, 45      14824     -0.853     -0.831      0.007
78.75, 56.25      15611     -0.926     -0.924      0.007
78.75, 67.5      16345     -1.000     -0.981      0.008
78.75, 78.75      17698     -1.000     -1.000      0.008
 78.75, 90      16018     -1.000     -0.981      0.008
78.75, 101.25      15334     -0.891     -0.924      0.007
78.75, 112.5      14872     -0.805     -0.831      0.007
78.75, 123.75      14542     -0.693     -0.707      0.006
78.75, 135      13978     -0.540     -0.556      0.005
78.75, 146.25      13947     -0.348     -0.383      0.003
78.75, 157.5      14096     -0.172     -0.195      0.001
78.75, 168.75      14194      0.048     -0.000      0.000
78.75, 180      14044      0.218      0.195      0.002
78.75, 191.25      13947      0.393      0.383      0.003
78.75, 202.5      13776      0.572      0.556      0.005
78.75, 213.75      14361      0.721      0.707      0.006
78.75, 225      14622      0.852      0.831      0.007
78.75, 236.25      15505      0.929      0.924      0.007
78.75, 247.5      16429      1.000      0.981      0.008
78.75, 258.75      17655      1.000      1.000      0.008
78.75, 270      16026      1.000      0.981      0.008
78.75, 281.25      15392      0.891      0.924      0.007
78.75, 292.5      14875      0.810      0.831      0.007
78.75, 303.75      14371      0.689      0.707      0.006
78.75, 315      13981      0.537      0.556      0.005
78.75, 326.25      14021      0.363      0.383      0.003
78.75, 337.5      13867      0.176      0.195      0.001
78.75, 348.75      14073     -0.027      0.000      0.000
78.75, 360      13963     -0.207     -0.195      0.002
     90, 0      13623      0.000     -0.000      0.000
 90, 11.25      13759     -0.206     -0.195      0.002
  90, 22.5      13714     -0.398     -0.383      0.003
 90, 33.75      13693     -0.559     -0.556      0.005
    90, 45      14253     -0.722     -0.707      0.006
 90, 56.25      14459     -0.836     -0.831      0.007
  90, 67.5      15397     -0.928     -0.924      0.007
 90, 78.75      15945     -1.000     -0.981      0.008
    90, 90      17381     -1.000     -1.000      0.008
90, 101.25      15901     -1.000     -0.981      0.008
 90, 112.5      15106     -0.922     -0.924      0.008
90, 123.75      14687     -0.849     -0.831      0.007
   90, 135      14048     -0.709     -0.707      0.006
90, 146.25      13742     -0.571     -0.556      0.005
 90, 157.5      13640     -0.387     -0.383      0.003
90, 168.75      13448     -0.194     -0.195      0.002
   90, 180      13710     -0.005     -0.000      0.000
90, 191.25      13910      0.178      0.195      0.002
 90, 202.5      13687      0.380      0.383      0.003
90, 213.75      13641      0.582      0.556      0.005
   90, 225      14219      0.726      0.707      0.006
90, 236.25      14759      0.848      0.831      0.007
 90, 247.5      15139      0.926      0.924      0.008
90, 258.75      15929      1.000      0.981      0.008
   90, 270      17301      1.000      1.000      0.008
90, 281.25      15901      1.000      0.981      0.008
 90, 292.5      15232      0.932      0.924      0.008
90, 303.75      14596      0.834      0.831      0.007
   90, 315      14134      0.724      0.707      0.006
90, 326.25      13482      0.584      0.556      0.005
 90, 337.5      13703      0.371      0.383      0.003
90, 348.75      13931      0.197      0.195      0.002
   90, 360      13695      0.012      0.000      0.000
 101.25, 0      13934      0.204      0.195      0.002
101.25, 11.25      13926      0.020     -0.000      0.000
101.25, 22.5      13835     -0.165     -0.195      0.001
101.25, 33.75      13954     -0.363     -0.383      0.003
101.25, 45      14001     -0.556     -0.556      0.005
101.25, 56.25      14501     -0.681     -0.707      0.006
101.25, 67.5      14978     -0.805     -0.831      0.007
101.25, 78.75      15571     -0.896     -0.924      0.007
101.25, 90      16112     -1.000     -0.981      0.008
101.25, 101.25      17381     -1.000     -1.000      0.008
101.25, 112.5      16331     -1.000     -0.981      0.008
101.25, 123.75      15512     -0.926     -0.924      0.007
101.25, 135      14706     -0.846     -0.831      0.007
101.25, 146.25      14239     -0.722     -0.707      0.006
101.25, 157.5      13964     -0.578     -0.556      0.005
101.25, 168.75      13949     -0.402     -0.383      0.003
101.25, 180      13901     -0.208     -0.195      0.002
101.25, 191.25      14048     -0.005     -0.000      0.000
101.25, 202.5      14075      0.179      0.195      0.002
101.25, 213.75      13880      0.372      0.383      0.003
101.25, 225      14373      0.547      0.556      0.005
101.25, 236.25      14522      0.682      0.707      0.006
101.25, 247.5      14854      0.806      0.831      0.007
101.25, 258.75      15576      0.893      0.924      0.007
101.25, 270      15865      1.000      0.981      0.008
101.25, 281.25      17741      1.000      1.000      0.008
101.25, 292.5      16524      1.000      0.981      0.008
101.25, 303.75      15464      0.928      0.924      0.007
101.25, 315      14821      0.852      0.831      0.007
101.25, 326.25      14346      0.720      0.707      0.006
101.25, 337.5      14015      0.593      0.556      0.005
101.25, 348.75      13792      0.396      0.383      0.003
101.25, 360      14165      0.209      0.195      0.002
  112.5, 0      14263      0.418      0.383      0.003
112.5, 11.25      14008      0.218      0.195      0.002
112.5, 22.5      14044      0.033     -0.000      0.000
112.5, 33.75      13767     -0.163     -0.195      0.001
 112.5, 45      14190     -0.339     -0.383      0.003
112.5, 56.25      14171     -0.526     -0.556      0.004
112.5, 67.5      14768     -0.656     -0.707      0.005
112.5, 78.75      14682     -0.801     -0.831      0.007
 112.5, 90      15228     -0.923     -0.924      0.007
112.5, 101.25      16361     -1.000     -0.981      0.008
112.5, 112.5      17838     -1.000     -1.000      0.007
112.5, 123.75      16467     -1.000     -0.981      0.008
112.5, 135      15793     -0.931     -0.924      0.007
112.5, 146.25      14916     -0.850     -0.831      0.007
112.5, 157.5      14679     -0.726     -0.707      0.006
112.5, 168.75      14129     -0.604     -0.556      0.005
112.5, 180      13997     -0.401     -0.383      0.003
112.5, 191.25      14231     -0.200     -0.195      0.002
112.5, 202.5      14279     -0.033     -0.000      0.000
112.5, 213.75      13887      0.152      0.195      0.001
112.5, 225      14064      0.337      0.383      0.003
112.5, 236.25      14173      0.527      0.556      0.004
112.5, 247.5      14465      0.661      0.707      0.005
112.5, 258.75      14864      0.812      0.831      0.007
112.5, 270      15289      0.931      0.924      0.008
112.5, 281.25      16438      1.000      0.981      0.008
112.5, 292.5      17727      1.000      1.000      0.008
112.5, 303.75      16592      1.000      0.981      0.008
112.5, 315      15856      0.922      0.924      0.007
112.5, 326.25      14854      0.851      0.831      0.007
112.5, 337.5      14591      0.721      0.707      0.006
112.5, 348.75      14350      0.584      0.556      0.005
112.5, 360      13932      0.398      0.383      0.003
 123.75, 0      14518      0.596      0.556      0.005
123.75, 11.25      14192      0.403      0.383      0.003
123.75, 22.5      14364      0.222      0.195      0.002
123.75, 33.75      14556      0.064     -0.000      0.001
123.75, 45      14129     -0.139     -0.195      0.001
123.75, 56.25      14306     -0.330     -0.383      0.003
123.75, 67.5      14133     -0.519     -0.556      0.004
123.75, 78.75      14397     -0.678     -0.707      0.006
123.75, 90      14683     -0.846     -0.831      0.007
123.75, 101.25      15463     -0.934     -0.924      0.008
123.75, 112.5      16595     -1.000     -0.981      0.008
123.75, 123.75      18158     -1.000     -1.000      0.007
123.75, 135      16650     -1.000     -0.981      0.008
123.75, 146.25      16064     -0.932     -0.924      0.007
123.75, 157.5      15075     -0.852     -0.831      0.007
123.75, 168.75      14722     -0.727     -0.707      0.006
123.75, 180      14017     -0.596     -0.556      0.005
123.75, 191.25      14508     -0.401     -0.383      0.003
123.75, 202.5      14280     -0.225     -0.195      0.002
123.75, 213.75      14393     -0.038     -0.000      0.000
123.75, 225      14417      0.130      0.195      0.001
123.75, 236.25      14409      0.320      0.383      0.003
123.75, 247.5      14179      0.522      0.556      0.004
123.75, 258.75      14150      0.672      0.707      0.006
123.75, 270      14405      0.845      0.831      0.007
123.75, 281.25      15776      0.928      0.924      0.007
123.75, 292.5      16389      1.000      0.981      0.008
123.75, 303.75      17967      1.000      1.000      0.007
123.75, 315      16786      1.000      0.981      0.008
123.75, 326.25      15911      0.924      0.924      0.007
123.75, 337.5      15017      0.851      0.831      0.007
123.75, 348.75      14797      0.729      0.707      0.006
123.75, 360      14362      0.591      0.556      0.005
    135, 0      14875      0.715      0.707      0.006
135, 11.25      14196      0.595      0.556      0.005
 135, 22.5      14278      0.413      0.383      0.003
135, 33.75      14206      0.230      0.195      0.002
   135, 45      14175      0.035     -0.000      0.000
135, 56.25      14290     -0.134     -0.195      0.001
 135, 67.5      14024     -0.331     -0.383      0.003
135, 78.75      14056     -0.549     -0.556      0.005
   135, 90      14282     -0.718     -0.707      0.006
135, 101.25      14791     -0.846     -0.831      0.007
135, 112.5      15768     -0.924     -0.924      0.007
135, 123.75      16682     -1.000     -0.981      0.008
  135, 135      17936     -1.000     -1.000      0.007
135, 146.25      16796     -1.000     -0.981      0.008
135, 157.5      15872     -0.931     -0.924      0.007
135, 168.75      15158     -0.850     -0.831      0.007
  135, 180      14759     -0.725     -0.707      0.006
135, 191.25      14539     -0.582     -0.556      0.005
135, 202.5      14515     -0.417     -0.383      0.003
135, 213.75      14382     -0.235     -0.195      0.002
  135, 225      14377     -0.041     -0.000      0.000
135, 236.25      14287      0.146      0.195      0.001
135, 247.5      14269      0.341      0.383      0.003
135, 258.75      13991      0.549      0.556      0.005
  135, 270      14106      0.711      0.707      0.006
135, 281.25      14755      0.847      0.831      0.007
135, 292.5      15816      0.926      0.924      0.007
135, 303.75      16888      1.000      0.981      0.008
  135, 315      17929      1.000      1.000      0.007
135, 326.25      16722      1.000      0.981      0.008
135, 337.5      16160      0.929      0.924      0.007
135, 348.75      15142      0.847      0.831      0.007
  135, 360      14926      0.724      0.707      0.006
 146.25, 0      15223      0.851      0.831      0.007
146.25, 11.25      14752      0.735      0.707      0.006
146.25, 22.5      14176      0.590      0.556      0.005
146.25, 33.75      14422      0.403      0.383      0.003
146.25, 45      14200      0.244      0.195      0.002
146.25, 56.25      14384      0.040     -0.000      0.000
146.25, 67.5      14262     -0.151     -0.195      0.001
146.25, 78.75      14073     -0.359     -0.383      0.003
146.25, 90      13833     -0.573     -0.556      0.005
146.25, 101.25      14377     -0.716     -0.707      0.006
146.25, 112.5      14913     -0.844     -0.831      0.007
146.25, 123.75      15933     -0.926     -0.924      0.007
146.25, 135      16594     -1.000     -0.981      0.008
146.25, 146.25      18153     -1.000     -1.000      0.007
146.25, 157.5      16816     -1.000     -0.981      0.008
146.25, 168.75      16047     -0.928     -0.924      0.007
146.25, 180      15236     -0.852     -0.831      0.007
146.25, 191.25      14807     -0.731     -0.707      0.006
146.25, 202.5      14483     -0.598     -0.556      0.005
146.25, 213.75      14393     -0.405     -0.383      0.003
146.25, 225      14187     -0.230     -0.195      0.002
146.25, 236.25      14238     -0.053     -0.000      0.000
146.25, 247.5      14044      0.155      0.195      0.001
146.25, 258.75      14103      0.349      0.383      0.003
146.25, 270      13610      0.579      0.556      0.005
146.25, 281.25      14642      0.723      0.707      0.006
146.25, 292.5      15058      0.852      0.831      0.007
146.25, 303.75      15925      0.932      0.924      0.007
146.25, 315      16696      1.000      0.981      0.008
146.25, 326.25      18303      1.000      1.000      0.007
146.25, 337.5      16895      1.000      0.981      0.008
146.25, 348.75      15878      0.930      0.924      0.007
146.25, 360      15267      0.849      0.831      0.007
  157.5, 0      15788      0.926      0.924      0.007
157.5, 11.25      15315      0.846      0.831      0.007
157.5, 22.5      14845      0.721      0.707      0.006
157.5, 33.75      14189      0.597      0.556      0.005
 157.5, 45      14388      0.400      0.383      0.003
157.5, 56.25      14588      0.231      0.195      0.002
157.5, 67.5      14390      0.021     -0.000      0.000
157.5, 78.75      14048     -0.169     -0.195      0.001
 157.5, 90      13707     -0.386     -0.383      0.003
157.5, 101.25      14106     -0.580     -0.556      0.005
157.5, 112.5      14744     -0.727     -0.707      0.006
157.5, 123.75      15259     -0.851     -0.831      0.007
157.5, 135      15895     -0.929     -0.924      0.007
157.5, 146.25      16777     -1.000     -0.981      0.008
157.5, 157.5      18355     -1.000     -1.000      0.007
157.5, 168.75      16737     -1.000     -0.981      0.008
157.5, 180      15943     -0.930     -0.924      0.007
157.5, 191.25      15157     -0.854     -0.831      0.007
157.5, 202.5      14810     -0.723     -0.707      0.006
157.5, 213.75      14428     -0.591     -0.556      0.005
157.5, 225      14136     -0.416     -0.383      0.003
157.5, 236.25      14347     -0.230     -0.195      0.002
157.5, 247.5      14126     -0.043     -0.000      0.000
157.5, 258.75      13667      0.171      0.195      0.001
157.5, 270      13512      0.372      0.383      0.003
157.5, 281.25      13922      0.572      0.556      0.005
157.5, 292.5      14527      0.723      0.707      0.006
157.5, 303.75      15076      0.858      0.831      0.007
157.5, 315      15768      0.927      0.924      0.007
157.5, 326.25      16511      1.000      0.981      0.008
157.5, 337.5      18055      1.000      1.000      0.007
157.5, 348.75      16791      1.000      0.981      0.008
157.5, 360      15853      0.928      0.924      0.007
 168.75, 0      16472      1.000      0.981      0.008
168.75, 11.25      16149      0.927      0.924      0.007
168.75, 22.5      15281      0.849      0.831      0.007
168.75, 33.75      14620      0.722      0.707      0.006
168.75, 45      14527      0.591      0.556      0.005
168.75, 56.25      14410      0.414      0.383      0.003
168.75, 67.5      13993      0.218      0.195      0.002
168.75, 78.75      14153      0.023     -0.000      0.000
168.75, 90      13560     -0.189     -0.195      0.002
168.75, 101.25      13885     -0.400     -0.383      0.003
168.75, 112.5      13980     -0.599     -0.556      0.005
168.75, 123.75      14822     -0.722     -0.707      0.006
168.75, 135      15223     -0.855     -0.831      0.007
168.75, 146.25      15810     -0.928     -0.924      0.007
168.75, 157.5      16825     -1.000     -0.981      0.008
168.75, 168.75      18101     -1.000     -1.000      0.007
168.75, 180      16682     -1.000     -0.981      0.008
168.75, 191.25      15783     -0.930     -0.924      0.007
168.75, 202.5      15179     -0.852     -0.831      0.007
168.75, 213.75      14860     -0.725     -0.707      0.006
168.75, 225      14395     -0.594     -0.556      0.005
168.75, 236.25      14255     -0.407     -0.383      0.003
168.75, 247.5      14190     -0.215     -0.195      0.002
168.75, 258.75      14108     -0.022     -0.000      0.000
168.75, 270      13583      0.195      0.195      0.002
168.75, 281.25      14003      0.403      0.383      0.003
168.75, 292.5      14039      0.592      0.556      0.005
168.75, 303.75      14872      0.726      0.707      0.006
168.75, 315      15075      0.847      0.831      0.007
168.75, 326.25      15991      0.931      0.924      0.007
168.75, 337.5      16898      1.000      0.981      0.008
168.75, 348.75      18160      1.000      1.000      0.007
168.75, 360      16605      1.000      0.981      0.008
    180, 0      17947      1.000      1.000      0.007
180, 11.25      16759      1.000      0.981      0.008
 180, 22.5      15998      0.927      0.924      0.007
180, 33.75      15353      0.848      0.831      0.007
   180, 45      14715      0.734      0.707      0.006
180, 56.25      14427      0.604      0.556      0.005
 180, 67.5      14231      0.407      0.383      0.003
180, 78.75      13996      0.205      0.195      0.002
   180, 90      13558      0.006     -0.000      0.000
180, 101.25      14024     -0.210     -0.195      0.002
180, 112.5      14185     -0.414     -0.383      0.003
180, 123.75      14256     -0.598     -0.556      0.005
  180, 135      14710     -0.721     -0.707      0.006
180, 146.25      15172     -0.841     -0.831      0.007
180, 157.5      15797     -0.927     -0.924      0.007
180, 168.75      16820     -1.000     -0.981      0.008
  180, 180      18158     -1.000     -1.000      0.007
180, 191.25      16890     -1.000     -0.981      0.008
180, 202.5      15906     -0.926     -0.924      0.007
180, 213.75      15289     -0.855     -0.831      0.007
  180, 225      14782     -0.725     -0.707      0.006
180, 236.25      14615     -0.603     -0.556      0.005
180, 247.5      13987     -0.414     -0.383      0.003
180, 258.75      14213     -0.194     -0.195      0.002
  180, 270      13902      0.012     -0.000      0.000
180, 281.25      14113      0.208      0.195      0.002
180, 292.5      14006      0.401      0.383      0.003
180, 303.75      14234      0.585      0.556      0.005
  180, 315      14981      0.723      0.707      0.006
180, 326.25      15308      0.853      0.831      0.007
180, 337.5      16123      0.930      0.924      0.007
180, 348.75      16558      1.000      0.981      0.008
  180, 360      17885      1.000      1.000      0.007
 191.25, 0      16663      1.000      0.981      0.008
191.25, 11.25      18151      1.000      1.000      0.007
191.25, 22.5      16476      1.000      0.981      0.008
191.25, 33.75      15953      0.928      0.924      0.007
191.25, 45      15316      0.846      0.831      0.007
191.25, 56.25      14787      0.724      0.707      0.006
191.25, 67.5      14182      0.585      0.556      0.005
191.25, 78.75      14058      0.396      0.383      0.003
191.25, 90      13655      0.191      0.195      0.002
191.25, 101.25      13900     -0.019     -0.000      0.000
191.25, 112.5      14279     -0.222     -0.195      0.002
191.25, 123.75      14203     -0.428     -0.383      0.004
191.25, 135      14239     -0.586     -0.556      0.005
191.25, 146.25      14748     -0.726     -0.707      0.006
191.25, 157.5      15139     -0.851     -0.831      0.007
191.25, 168.75      15935     -0.931     -0.924      0.007
191.25, 180      16613     -1.000     -0.981      0.008
191.25, 191.25      18197     -1.000     -1.000      0.007
191.25, 202.5      16713     -1.000     -0.981      0.008
191.25, 213.75      15815     -0.929     -0.924      0.007
191.25, 225      15127     -0.855     -0.831      0.007
191.25, 236.25      14893     -0.725     -0.707      0.006
191.25, 247.5      14283     -0.584     -0.556      0.005
191.25, 258.75      13999     -0.391     -0.383      0.003
191.25, 270      13907     -0.192     -0.195      0.002
191.25, 281.25      14020      0.022     -0.000      0.000
191.25, 292.5      14367      0.214      0.195      0.002
191.25, 303.75      14367      0.420      0.383      0.004
191.25, 315      14500      0.592      0.556      0.005
191.25, 326.25      14935      0.719      0.707      0.006
191.25, 337.5      15297      0.844      0.831      0.007
191.25, 348.75      16061      0.929      0.924      0.007
191.25, 360      16735      1.000      0.981      0.008
  202.5, 0      15920      0.932      0.924      0.007
202.5, 11.25      16894      1.000      0.981      0.008
202.5, 22.5      17881      1.000      1.000      0.007
202.5, 33.75      16889      1.000      0.981      0.008
 202.5, 45      16134      0.929      0.924      0.007
202.5, 56.25      15134      0.854      0.831      0.007
202.5, 67.5      14574      0.725      0.707      0.006
202.5, 78.75      13919      0.580      0.556      0.005
 202.5, 90      13594      0.382      0.383      0.003
202.5, 101.25      13885      0.176      0.195      0.001
202.5, 112.5      14216     -0.040     -0.000      0.000
202.5, 123.75      14435     -0.214     -0.195      0.002
202.5, 135      14308     -0.412     -0.383      0.003
202.5, 146.25      14263     -0.597     -0.556      0.005
202.5, 157.5      14803     -0.730     -0.707      0.006
202.5, 168.75      15535     -0.857     -0.831      0.007
202.5, 180      15763     -0.930     -0.924      0.007
202.5, 191.25      16635     -1.000     -0.981      0.008
202.5, 202.5      18076     -1.000     -1.000      0.007
202.5, 213.75      16937     -1.000     -0.981      0.008
202.5, 225      16211     -0.928     -0.924      0.007
202.5, 236.25      15233     -0.856     -0.831      0.007
202.5, 247.5      14479     -0.708     -0.707      0.006
202.5, 258.75      14039     -0.575     -0.556      0.005
202.5, 270      13730     -0.399     -0.383      0.003
202.5, 281.25      14063     -0.161     -0.195      0.001
202.5, 292.5      13833      0.013     -0.000      0.000
202.5, 303.75      14434      0.231      0.195      0.002
202.5, 315      14531      0.415      0.383      0.003
202.5, 326.25      14204      0.586      0.556      0.005
202.5, 337.5      14630      0.716      0.707      0.006
202.5, 348.75      15214      0.863      0.831      0.007
202.5, 360      16113      0.932      0.924      0.007
 213.75, 0      15223      0.858      0.831      0.007
213.75, 11.25      15975      0.928      0.924      0.007
213.75, 22.5      17016      1.000      0.981      0.008
213.75, 33.75      18050      1.000      1.000      0.007
213.75, 45      16635      1.000      0.981      0.008
213.75, 56.25      16070      0.929      0.924      0.007
213.75, 67.5      15040      0.857      0.831      0.007
213.75, 78.75      14243      0.711      0.707      0.006
213.75, 90      13447      0.562      0.556      0.005
213.75, 101.25      13798      0.346      0.383      0.003
213.75, 112.5      14009      0.137      0.195      0.001
213.75, 123.75      14451     -0.046     -0.000      0.000
213.75, 135      14515     -0.240     -0.195      0.002
213.75, 146.25      14506     -0.403     -0.383      0.003
213.75, 157.5      14306     -0.600     -0.556      0.005
213.75, 168.75      14743     -0.722     -0.707      0.006
213.75, 180      15169     -0.851     -0.831      0.007
213.75, 191.25      16024     -0.927     -0.924      0.007
213.75, 202.5      16570     -1.000     -0.981      0.008
213.75, 213.75      17939     -1.000     -1.000      0.007
213.75, 225      16559     -1.000     -0.981      0.008
213.75, 236.25      15992     -0.929     -0.924      0.007
213.75, 247.5      15089     -0.844     -0.831      0.007
213.75, 258.75      14634     -0.721     -0.707      0.006
213.75, 270      13766     -0.577     -0.556      0.005
213.75, 281.25      13801     -0.355     -0.383      0.003
213.75, 292.5      14320     -0.160     -0.195      0.001
213.75, 303.75      14274      0.056     -0.000      0.000
213.75, 315      14504      0.240      0.195      0.002
213.75, 326.25      14593      0.426      0.383      0.004
213.75, 337.5      14186      0.587      0.556      0.005
213.75, 348.75      14714      0.720      0.707      0.006
213.75, 360      15181      0.858      0.831      0.007
    225, 0      14933      0.723      0.707      0.006
225, 11.25      15402      0.856      0.831      0.007
 225, 22.5      15965      0.931      0.924      0.007
225, 33.75      16642      1.000      0.981      0.008
   225, 45      18113      1.000      1.000      0.007
225, 56.25      16553      1.000      0.981      0.008
 225, 67.5      15807      0.927      0.924      0.007
225, 78.75      15126      0.849      0.831      0.007
   225, 90      14182      0.712      0.707      0.006
225, 101.25      13917      0.523      0.556      0.004
225, 112.5      14016      0.342      0.383      0.003
225, 123.75      14179      0.156      0.195      0.001
  225, 135      14420     -0.049     -0.000      0.000
225, 146.25      14305     -0.223     -0.195      0.002
225, 157.5      14516     -0.405     -0.383      0.003
225, 168.75      14318     -0.601     -0.556      0.005
  225, 180      14710     -0.730     -0.707      0.006
225, 191.25      15298     -0.854     -0.831      0.007
225, 202.5      15873     -0.927     -0.924      0.007
225, 213.75      16734     -1.000     -0.981      0.008
  225, 225      17750     -1.000     -1.000      0.008
225, 236.25      16811     -1.000     -0.981      0.008
225, 247.5      15672     -0.931     -0.924      0.007
225, 258.75      14824     -0.844     -0.831      0.007
  225, 270      13942     -0.713     -0.707      0.006
225, 281.25      13903     -0.553     -0.556      0.005
225, 292.5      14133     -0.344     -0.383      0.003
225, 303.75      14134     -0.128     -0.195      0.001
  225, 315      14441      0.037     -0.000      0.000
225, 326.25      14389      0.227      0.195      0.002
225, 337.5      14376      0.413      0.383      0.003
225, 348.75      14372      0.595      0.556      0.005
  225, 360      14689      0.727      0.707      0.006
 236.25, 0      14379      0.597      0.556      0.005
236.25, 11.25      14789      0.731      0.707      0.006
236.25, 22.5      14916      0.855      0.831      0.007
236.25, 33.75      16165      0.931      0.924      0.007
236.25, 45      16651      1.000      0.981      0.008
236.25, 56.25      18134      1.000      1.000      0.007
236.25, 67.5      16695      1.000      0.981      0.008
236.25, 78.75      15677      0.925      0.924      0.007
236.25, 90      14585      0.846      0.831      0.007
236.25, 101.25      14488      0.672      0.707      0.006
236.25, 112.5      13972      0.523      0.556      0.004
236.25, 123.75      14188      0.320      0.383      0.003
236.25, 135      14274      0.142      0.195      0.001
236.25, 146.25      14307     -0.043     -0.000      0.000
236.25, 157.5      14575     -0.223     -0.195      0.002
236.25, 168.75      14336     -0.405     -0.383      0.003
236.25, 180      14520     -0.597     -0.556      0.005
236.25, 191.25      15054     -0.727     -0.707      0.006
236.25, 202.5      15056     -0.844     -0.831      0.007
236.25, 213.75      16120     -0.927     -0.924      0.007
236.25, 225      16655     -1.000     -0.981      0.008
236.25, 236.25      18167     -1.000     -1.000      0.007
236.25, 247.5      16406     -1.000     -0.981      0.008
236.25, 258.75      15658     -0.927     -0.924      0.007
236.25, 270      14367     -0.841     -0.831      0.007
236.25, 281.25      14247     -0.668     -0.707      0.006
236.25, 292.5      14123     -0.525     -0.556      0.004
/home/esc/Músicas/experimentos_speedupy-paper/exps/epr/epr.py:101: UserWarning: FigureCanvasAgg is non-interactive, and thus cannot be shown
  plt.show(block=False)
236.25, 303.75      14336     -0.315     -0.383      0.003
236.25, 315      14519     -0.142     -0.195      0.001
236.25, 326.25      14218      0.046     -0.000      0.000
236.25, 337.5      14271      0.229      0.195      0.002
236.25, 348.75      14234      0.409      0.383      0.003
236.25, 360      14242      0.595      0.556      0.005
  247.5, 0      14246      0.403      0.383      0.003
247.5, 11.25      14145      0.584      0.556      0.005
247.5, 22.5      14321      0.726      0.707      0.006
247.5, 33.75      14961      0.845      0.831      0.007
 247.5, 45      15898      0.928      0.924      0.007
247.5, 56.25      16238      1.000      0.981      0.008
247.5, 67.5      17916      1.000      1.000      0.007
247.5, 78.75      16404      1.000      0.981      0.008
 247.5, 90      15224      0.926      0.924      0.008
247.5, 101.25      14908      0.809      0.831      0.007
247.5, 112.5      14298      0.661      0.707      0.006
247.5, 123.75      14092      0.514      0.556      0.004
247.5, 135      14174      0.346      0.383      0.003
247.5, 146.25      14127      0.167      0.195      0.001
247.5, 157.5      14116     -0.022     -0.000      0.000
247.5, 168.75      14137     -0.203     -0.195      0.002
247.5, 180      14273     -0.400     -0.383      0.003
247.5, 191.25      13974     -0.587     -0.556      0.005
247.5, 202.5      14644     -0.721     -0.707      0.006
247.5, 213.75      14965     -0.845     -0.831      0.007
247.5, 225      15567     -0.930     -0.924      0.007
247.5, 236.25      16460     -1.000     -0.981      0.008
247.5, 247.5      17727     -1.000     -1.000      0.008
247.5, 258.75      16344     -1.000     -0.981      0.008
247.5, 270      15210     -0.926     -0.924      0.008
247.5, 281.25      14728     -0.809     -0.831      0.007
247.5, 292.5      14526     -0.650     -0.707      0.005
247.5, 303.75      14363     -0.521     -0.556      0.004
247.5, 315      14212     -0.339     -0.383      0.003
247.5, 326.25      14194     -0.153     -0.195      0.001
247.5, 337.5      14195      0.040     -0.000      0.000
247.5, 348.75      14162      0.220      0.195      0.002
247.5, 360      14252      0.402      0.383      0.003
 258.75, 0      13965      0.207      0.195      0.002
258.75, 11.25      14058      0.385      0.383      0.003
258.75, 22.5      13997      0.595      0.556      0.005
258.75, 33.75      14543      0.724      0.707      0.006
258.75, 45      14736      0.851      0.831      0.007
258.75, 56.25      15590      0.930      0.924      0.007
258.75, 67.5      16264      1.000      0.981      0.008
258.75, 78.75      17498      1.000      1.000      0.008
258.75, 90      16083      1.000      0.981      0.008
258.75, 101.25      15431      0.892      0.924      0.007
258.75, 112.5      14654      0.811      0.831      0.007
258.75, 123.75      14340      0.682      0.707      0.006
258.75, 135      14057      0.537      0.556      0.005
258.75, 146.25      14066      0.356      0.383      0.003
258.75, 157.5      14130      0.168      0.195      0.001
258.75, 168.75      13988     -0.017     -0.000      0.000
258.75, 180      14137     -0.224     -0.195      0.002
258.75, 191.25      14101     -0.391     -0.383      0.003
258.75, 202.5      13808     -0.581     -0.556      0.005
258.75, 213.75      14478     -0.718     -0.707      0.006
258.75, 225      14601     -0.853     -0.831      0.007
258.75, 236.25      15367     -0.927     -0.924      0.007
258.75, 247.5      16424     -1.000     -0.981      0.008
258.75, 258.75      17567     -1.000     -1.000      0.008
258.75, 270      16012     -1.000     -0.981      0.008
258.75, 281.25      15494     -0.893     -0.924      0.007
258.75, 292.5      14921     -0.809     -0.831      0.007
258.75, 303.75      14390     -0.689     -0.707      0.006
258.75, 315      14008     -0.540     -0.556      0.005
258.75, 326.25      14064     -0.361     -0.383      0.003
258.75, 337.5      14052     -0.163     -0.195      0.001
258.75, 348.75      14017      0.017     -0.000      0.000
258.75, 360      13936      0.197      0.195      0.002
    270, 0      13665      0.008      0.000      0.000
270, 11.25      13602      0.183      0.195      0.002
 270, 22.5      13599      0.381      0.383      0.003
270, 33.75      13691      0.571      0.556      0.005
   270, 45      14058      0.712      0.707      0.006
270, 56.25      14638      0.842      0.831      0.007
 270, 67.5      15324      0.927      0.924      0.007
270, 78.75      15966      1.000      0.981      0.008

	Same Angle <AB> = -1.00
	Oppo Angle <AB> = -0.00
	CHSH: <= 2.0, Sim: 1.785, QM: 1.775
